
*** Running vivado
    with args -log fir.vds -m64 -product Vivado -mode batch -messageDb vivado.pb -notrace -source fir.tcl


****** Vivado v2022.1 (64-bit)
  **** SW Build 3526262 on Mon Apr 18 15:47:01 MDT 2022
  **** IP Build 3524634 on Mon Apr 18 20:55:01 MDT 2022
    ** Copyright 1986-2022 Xilinx, Inc. All Rights Reserved.

source fir.tcl -notrace
create_project: Time (s): cpu = 00:00:05 ; elapsed = 00:00:05 . Memory (MB): peak = 2897.145 ; gain = 0.023 ; free physical = 5138 ; free virtual = 8462
Command: read_checkpoint -auto_incremental -incremental /home/ubuntu/lab3/lab-fir/fir/project_1/project_1.srcs/utils_1/imports/synth_1/fir.dcp
INFO: [Vivado 12-5825] Read reference checkpoint from /home/ubuntu/lab3/lab-fir/fir/project_1/project_1.srcs/utils_1/imports/synth_1/fir.dcp for incremental synthesis
INFO: [Vivado 12-7989] Please ensure there are no constraint changes
Command: synth_design -top fir -part xc7z020clg400-1
Starting synth_design
Attempting to get a license for feature 'Synthesis' and/or device 'xc7z020'
INFO: [Common 17-349] Got license for feature 'Synthesis' and/or device 'xc7z020'
INFO: [Device 21-403] Loading part xc7z020clg400-1
INFO: [Designutils 20-5440] No compile time benefit to using incremental synthesis; A full resynthesis will be run
INFO: [Designutils 20-4379] Flow is switching to default flow due to incremental criteria not met. If you would like to alter this behaviour and have the flow terminate instead, please set the following parameter config_implementation {autoIncr.Synth.RejectBehavior Terminate}
INFO: [Synth 8-7079] Multithreading enabled for synth_design using a maximum of 4 processes.
INFO: [Synth 8-7078] Launching helper process for spawning children vivado processes
INFO: [Synth 8-7075] Helper process launched with PID 5801
WARNING: [Synth 8-9887] parameter declaration becomes local in 'fir' with formal parameter declaration list [/home/ubuntu/lab3/lab-fir/fir/rtl/fir.v:51]
WARNING: [Synth 8-9887] parameter declaration becomes local in 'fir' with formal parameter declaration list [/home/ubuntu/lab3/lab-fir/fir/rtl/fir.v:52]
WARNING: [Synth 8-9887] parameter declaration becomes local in 'fir' with formal parameter declaration list [/home/ubuntu/lab3/lab-fir/fir/rtl/fir.v:53]
WARNING: [Synth 8-9887] parameter declaration becomes local in 'fir' with formal parameter declaration list [/home/ubuntu/lab3/lab-fir/fir/rtl/fir.v:54]
WARNING: [Synth 8-9887] parameter declaration becomes local in 'fir' with formal parameter declaration list [/home/ubuntu/lab3/lab-fir/fir/rtl/fir.v:55]
WARNING: [Synth 8-9887] parameter declaration becomes local in 'fir' with formal parameter declaration list [/home/ubuntu/lab3/lab-fir/fir/rtl/fir.v:58]
WARNING: [Synth 8-9887] parameter declaration becomes local in 'fir' with formal parameter declaration list [/home/ubuntu/lab3/lab-fir/fir/rtl/fir.v:59]
WARNING: [Synth 8-9887] parameter declaration becomes local in 'fir' with formal parameter declaration list [/home/ubuntu/lab3/lab-fir/fir/rtl/fir.v:60]
WARNING: [Synth 8-9887] parameter declaration becomes local in 'fir' with formal parameter declaration list [/home/ubuntu/lab3/lab-fir/fir/rtl/fir.v:61]
---------------------------------------------------------------------------------
Starting RTL Elaboration : Time (s): cpu = 00:00:06 ; elapsed = 00:00:08 . Memory (MB): peak = 2897.145 ; gain = 0.000 ; free physical = 4306 ; free virtual = 7670
---------------------------------------------------------------------------------
INFO: [Synth 8-6157] synthesizing module 'fir' [/home/ubuntu/lab3/lab-fir/fir/rtl/fir.v:2]
INFO: [Synth 8-155] case statement is not full and has no default [/home/ubuntu/lab3/lab-fir/fir/rtl/fir.v:84]
INFO: [Synth 8-155] case statement is not full and has no default [/home/ubuntu/lab3/lab-fir/fir/rtl/fir.v:223]
INFO: [Synth 8-155] case statement is not full and has no default [/home/ubuntu/lab3/lab-fir/fir/rtl/fir.v:313]
INFO: [Synth 8-6155] done synthesizing module 'fir' (0#1) [/home/ubuntu/lab3/lab-fir/fir/rtl/fir.v:2]
WARNING: [Synth 8-6014] Unused sequential element sm_tready_reg_reg was removed.  [/home/ubuntu/lab3/lab-fir/fir/rtl/fir.v:308]
WARNING: [Synth 8-7137] Register sm_tvalid_reg_reg in module fir has both Set and reset with same priority. This may cause simulation mismatches. Consider rewriting code  [/home/ubuntu/lab3/lab-fir/fir/rtl/fir.v:298]
WARNING: [Synth 8-3917] design fir has port tap_EN driven by constant 1
WARNING: [Synth 8-3917] design fir has port data_EN driven by constant 1
WARNING: [Synth 8-3917] design fir has port data_A[11] driven by constant 0
WARNING: [Synth 8-3917] design fir has port data_A[10] driven by constant 0
WARNING: [Synth 8-3917] design fir has port data_A[9] driven by constant 0
WARNING: [Synth 8-3917] design fir has port data_A[8] driven by constant 0
WARNING: [Synth 8-3917] design fir has port data_A[7] driven by constant 0
WARNING: [Synth 8-7129] Port ss_tvalid in module fir is either unconnected or has no load
WARNING: [Synth 8-7129] Port sm_tready in module fir is either unconnected or has no load
---------------------------------------------------------------------------------
Finished RTL Elaboration : Time (s): cpu = 00:00:08 ; elapsed = 00:00:10 . Memory (MB): peak = 2897.145 ; gain = 0.000 ; free physical = 4357 ; free virtual = 7729
---------------------------------------------------------------------------------
---------------------------------------------------------------------------------
Start Handling Custom Attributes
---------------------------------------------------------------------------------
---------------------------------------------------------------------------------
Finished Handling Custom Attributes : Time (s): cpu = 00:00:08 ; elapsed = 00:00:10 . Memory (MB): peak = 2897.145 ; gain = 0.000 ; free physical = 4357 ; free virtual = 7730
---------------------------------------------------------------------------------
---------------------------------------------------------------------------------
Finished RTL Optimization Phase 1 : Time (s): cpu = 00:00:08 ; elapsed = 00:00:10 . Memory (MB): peak = 2897.145 ; gain = 0.000 ; free physical = 4357 ; free virtual = 7730
---------------------------------------------------------------------------------
Netlist sorting complete. Time (s): cpu = 00:00:00.01 ; elapsed = 00:00:00 . Memory (MB): peak = 2897.145 ; gain = 0.000 ; free physical = 4357 ; free virtual = 7730
INFO: [Project 1-570] Preparing netlist for logic optimization

Processing XDC Constraints
Initializing timing engine
Parsing XDC File [/home/ubuntu/lab3/lab-fir/fir/project_1/project_1.srcs/constrs_1/new/constraints.xdc]
Finished Parsing XDC File [/home/ubuntu/lab3/lab-fir/fir/project_1/project_1.srcs/constrs_1/new/constraints.xdc]
Completed Processing XDC Constraints

Netlist sorting complete. Time (s): cpu = 00:00:00 ; elapsed = 00:00:00 . Memory (MB): peak = 2913.152 ; gain = 0.000 ; free physical = 4277 ; free virtual = 7664
INFO: [Project 1-111] Unisim Transformation Summary:
No Unisim elements were transformed.

Constraint Validation Runtime : Time (s): cpu = 00:00:00 ; elapsed = 00:00:00.01 . Memory (MB): peak = 2913.152 ; gain = 0.000 ; free physical = 4277 ; free virtual = 7664
INFO: [Designutils 20-5440] No compile time benefit to using incremental synthesis; A full resynthesis will be run
INFO: [Designutils 20-4379] Flow is switching to default flow due to incremental criteria not met. If you would like to alter this behaviour and have the flow terminate instead, please set the following parameter config_implementation {autoIncr.Synth.RejectBehavior Terminate}
---------------------------------------------------------------------------------
Finished Constraint Validation : Time (s): cpu = 00:00:16 ; elapsed = 00:00:18 . Memory (MB): peak = 2913.152 ; gain = 16.008 ; free physical = 4321 ; free virtual = 7708
---------------------------------------------------------------------------------
---------------------------------------------------------------------------------
Start Loading Part and Timing Information
---------------------------------------------------------------------------------
Loading part: xc7z020clg400-1
---------------------------------------------------------------------------------
Finished Loading Part and Timing Information : Time (s): cpu = 00:00:16 ; elapsed = 00:00:18 . Memory (MB): peak = 2913.152 ; gain = 16.008 ; free physical = 4321 ; free virtual = 7707
---------------------------------------------------------------------------------
---------------------------------------------------------------------------------
Start Applying 'set_property' XDC Constraints
---------------------------------------------------------------------------------
---------------------------------------------------------------------------------
Finished applying 'set_property' XDC Constraints : Time (s): cpu = 00:00:16 ; elapsed = 00:00:18 . Memory (MB): peak = 2913.152 ; gain = 16.008 ; free physical = 4321 ; free virtual = 7707
---------------------------------------------------------------------------------
WARNING: [Synth 8-327] inferring latch for variable 'next_axilite_state_reg' [/home/ubuntu/lab3/lab-fir/fir/rtl/fir.v:87]
WARNING: [Synth 8-327] inferring latch for variable 'next_axis_state_reg' [/home/ubuntu/lab3/lab-fir/fir/rtl/fir.v:226]
---------------------------------------------------------------------------------
Finished RTL Optimization Phase 2 : Time (s): cpu = 00:00:17 ; elapsed = 00:00:19 . Memory (MB): peak = 2913.152 ; gain = 16.008 ; free physical = 4320 ; free virtual = 7709
---------------------------------------------------------------------------------
---------------------------------------------------------------------------------
Start RTL Component Statistics 
---------------------------------------------------------------------------------
Detailed RTL Component Info : 
+---Adders : 
	   2 Input   32 Bit       Adders := 1     
	   2 Input   12 Bit       Adders := 2     
	   2 Input    4 Bit       Adders := 3     
	   3 Input    4 Bit       Adders := 2     
+---Registers : 
	               32 Bit    Registers := 3     
	                4 Bit    Registers := 2     
	                3 Bit    Registers := 2     
	                1 Bit    Registers := 4     
+---Multipliers : 
	              32x32  Multipliers := 1     
+---Muxes : 
	   2 Input   32 Bit        Muxes := 7     
	   3 Input   32 Bit        Muxes := 2     
	   4 Input   32 Bit        Muxes := 1     
	   2 Input   12 Bit        Muxes := 2     
	   2 Input    6 Bit        Muxes := 1     
	   2 Input    4 Bit        Muxes := 8     
	   4 Input    4 Bit        Muxes := 2     
	   3 Input    3 Bit        Muxes := 1     
	   2 Input    3 Bit        Muxes := 2     
	   4 Input    3 Bit        Muxes := 1     
	   2 Input    2 Bit        Muxes := 3     
	   2 Input    1 Bit        Muxes := 18    
	   4 Input    1 Bit        Muxes := 9     
	   6 Input    1 Bit        Muxes := 1     
---------------------------------------------------------------------------------
Finished RTL Component Statistics 
---------------------------------------------------------------------------------
---------------------------------------------------------------------------------
Start Part Resource Summary
---------------------------------------------------------------------------------
Part Resources:
DSPs: 220 (col length:60)
BRAMs: 280 (col length: RAMB18 60 RAMB36 30)
---------------------------------------------------------------------------------
Finished Part Resource Summary
---------------------------------------------------------------------------------
---------------------------------------------------------------------------------
Start Cross Boundary and Area Optimization
---------------------------------------------------------------------------------
WARNING: [Synth 8-7080] Parallel synthesis criteria is not met
DSP Report: Generating DSP sm_tdata_reg1, operation Mode is: A*B.
DSP Report: operator sm_tdata_reg1 is absorbed into DSP sm_tdata_reg1.
DSP Report: operator sm_tdata_reg1 is absorbed into DSP sm_tdata_reg1.
DSP Report: Generating DSP sm_tdata_reg1, operation Mode is: (PCIN>>17)+A*B.
DSP Report: operator sm_tdata_reg1 is absorbed into DSP sm_tdata_reg1.
DSP Report: operator sm_tdata_reg1 is absorbed into DSP sm_tdata_reg1.
DSP Report: Generating DSP sm_tdata_reg1, operation Mode is: A*B.
DSP Report: operator sm_tdata_reg1 is absorbed into DSP sm_tdata_reg1.
DSP Report: operator sm_tdata_reg1 is absorbed into DSP sm_tdata_reg1.
DSP Report: Generating DSP sm_tdata_reg1, operation Mode is: (PCIN>>17)+A*B.
DSP Report: operator sm_tdata_reg1 is absorbed into DSP sm_tdata_reg1.
DSP Report: operator sm_tdata_reg1 is absorbed into DSP sm_tdata_reg1.
WARNING: [Synth 8-3917] design fir has port tap_EN driven by constant 1
WARNING: [Synth 8-3917] design fir has port data_EN driven by constant 1
WARNING: [Synth 8-3917] design fir has port data_A[11] driven by constant 0
WARNING: [Synth 8-3917] design fir has port data_A[10] driven by constant 0
WARNING: [Synth 8-3917] design fir has port data_A[9] driven by constant 0
WARNING: [Synth 8-3917] design fir has port data_A[8] driven by constant 0
WARNING: [Synth 8-3917] design fir has port data_A[7] driven by constant 0
WARNING: [Synth 8-3917] design fir has port data_A[6] driven by constant 0
WARNING: [Synth 8-3917] design fir has port data_A[1] driven by constant 0
WARNING: [Synth 8-3917] design fir has port data_A[0] driven by constant 0
WARNING: [Synth 8-7129] Port ss_tvalid in module fir is either unconnected or has no load
WARNING: [Synth 8-7129] Port sm_tready in module fir is either unconnected or has no load
WARNING: [Synth 8-3332] Sequential element (next_axis_state_reg[2]) is unused and will be removed from module fir.
WARNING: [Synth 8-3332] Sequential element (next_axis_state_reg[1]) is unused and will be removed from module fir.
WARNING: [Synth 8-3332] Sequential element (next_axis_state_reg[0]) is unused and will be removed from module fir.
---------------------------------------------------------------------------------
Finished Cross Boundary and Area Optimization : Time (s): cpu = 00:00:20 ; elapsed = 00:00:22 . Memory (MB): peak = 2913.152 ; gain = 16.008 ; free physical = 4282 ; free virtual = 7681
---------------------------------------------------------------------------------
---------------------------------------------------------------------------------
Start ROM, RAM, DSP, Shift Register and Retiming Reporting
---------------------------------------------------------------------------------

DSP: Preliminary Mapping Report (see note below. The ' indicates corresponding REG is set)
+------------+----------------+--------+--------+--------+--------+--------+------+------+------+------+-------+------+------+
|Module Name | DSP Mapping    | A Size | B Size | C Size | D Size | P Size | AREG | BREG | CREG | DREG | ADREG | MREG | PREG | 
+------------+----------------+--------+--------+--------+--------+--------+------+------+------+------+-------+------+------+
|fir         | A*B            | 18     | 16     | -      | -      | 48     | 0    | 0    | -    | -    | -     | 0    | 0    | 
|fir         | (PCIN>>17)+A*B | 16     | 16     | -      | -      | 48     | 0    | 0    | -    | -    | -     | 0    | 0    | 
|fir         | A*B            | 18     | 18     | -      | -      | 48     | 0    | 0    | -    | -    | -     | 0    | 0    | 
|fir         | (PCIN>>17)+A*B | 18     | 16     | -      | -      | 48     | 0    | 0    | -    | -    | -     | 0    | 0    | 
+------------+----------------+--------+--------+--------+--------+--------+------+------+------+------+-------+------+------+

Note: The table above is a preliminary report that shows the DSPs inferred at the current stage of the synthesis flow. Some DSP may be reimplemented as non DSP primitives later in the synthesis flow. Multiple instantiated DSPs are reported only once.
---------------------------------------------------------------------------------
Finished ROM, RAM, DSP, Shift Register and Retiming Reporting
---------------------------------------------------------------------------------
---------------------------------------------------------------------------------
Start Applying XDC Timing Constraints
---------------------------------------------------------------------------------
---------------------------------------------------------------------------------
Finished Applying XDC Timing Constraints : Time (s): cpu = 00:00:28 ; elapsed = 00:00:31 . Memory (MB): peak = 2913.152 ; gain = 16.008 ; free physical = 4139 ; free virtual = 7545
---------------------------------------------------------------------------------
---------------------------------------------------------------------------------
Start Timing Optimization
---------------------------------------------------------------------------------
---------------------------------------------------------------------------------
Finished Timing Optimization : Time (s): cpu = 00:00:30 ; elapsed = 00:00:32 . Memory (MB): peak = 2913.152 ; gain = 16.008 ; free physical = 4107 ; free virtual = 7513
---------------------------------------------------------------------------------
---------------------------------------------------------------------------------
Start Technology Mapping
---------------------------------------------------------------------------------
---------------------------------------------------------------------------------
Finished Technology Mapping : Time (s): cpu = 00:00:30 ; elapsed = 00:00:32 . Memory (MB): peak = 2913.152 ; gain = 16.008 ; free physical = 4108 ; free virtual = 7514
---------------------------------------------------------------------------------
---------------------------------------------------------------------------------
Start IO Insertion
---------------------------------------------------------------------------------
---------------------------------------------------------------------------------
Start Flattening Before IO Insertion
---------------------------------------------------------------------------------
---------------------------------------------------------------------------------
Finished Flattening Before IO Insertion
---------------------------------------------------------------------------------
---------------------------------------------------------------------------------
Start Final Netlist Cleanup
---------------------------------------------------------------------------------
---------------------------------------------------------------------------------
Finished Final Netlist Cleanup
---------------------------------------------------------------------------------
---------------------------------------------------------------------------------
Finished IO Insertion : Time (s): cpu = 00:00:34 ; elapsed = 00:00:36 . Memory (MB): peak = 2913.152 ; gain = 16.008 ; free physical = 4108 ; free virtual = 7514
---------------------------------------------------------------------------------
---------------------------------------------------------------------------------
Start Renaming Generated Instances
---------------------------------------------------------------------------------
---------------------------------------------------------------------------------
Finished Renaming Generated Instances : Time (s): cpu = 00:00:34 ; elapsed = 00:00:36 . Memory (MB): peak = 2913.152 ; gain = 16.008 ; free physical = 4108 ; free virtual = 7514
---------------------------------------------------------------------------------
---------------------------------------------------------------------------------
Start Rebuilding User Hierarchy
---------------------------------------------------------------------------------
---------------------------------------------------------------------------------
Finished Rebuilding User Hierarchy : Time (s): cpu = 00:00:34 ; elapsed = 00:00:36 . Memory (MB): peak = 2913.152 ; gain = 16.008 ; free physical = 4108 ; free virtual = 7514
---------------------------------------------------------------------------------
---------------------------------------------------------------------------------
Start Renaming Generated Ports
---------------------------------------------------------------------------------
---------------------------------------------------------------------------------
Finished Renaming Generated Ports : Time (s): cpu = 00:00:34 ; elapsed = 00:00:36 . Memory (MB): peak = 2913.152 ; gain = 16.008 ; free physical = 4108 ; free virtual = 7514
---------------------------------------------------------------------------------
---------------------------------------------------------------------------------
Start Handling Custom Attributes
---------------------------------------------------------------------------------
---------------------------------------------------------------------------------
Finished Handling Custom Attributes : Time (s): cpu = 00:00:34 ; elapsed = 00:00:36 . Memory (MB): peak = 2913.152 ; gain = 16.008 ; free physical = 4108 ; free virtual = 7514
---------------------------------------------------------------------------------
---------------------------------------------------------------------------------
Start Renaming Generated Nets
---------------------------------------------------------------------------------
---------------------------------------------------------------------------------
Finished Renaming Generated Nets : Time (s): cpu = 00:00:34 ; elapsed = 00:00:37 . Memory (MB): peak = 2913.152 ; gain = 16.008 ; free physical = 4108 ; free virtual = 7514
---------------------------------------------------------------------------------
---------------------------------------------------------------------------------
Start Writing Synthesis Report
---------------------------------------------------------------------------------

DSP Final Report (the ' indicates corresponding REG is set)
+------------+--------------+--------+--------+--------+--------+--------+------+------+------+------+-------+------+------+
|Module Name | DSP Mapping  | A Size | B Size | C Size | D Size | P Size | AREG | BREG | CREG | DREG | ADREG | MREG | PREG | 
+------------+--------------+--------+--------+--------+--------+--------+------+------+------+------+-------+------+------+
|fir         | A*B          | 17     | 15     | -      | -      | 48     | 0    | 0    | -    | -    | -     | 0    | 0    | 
|fir         | A*B          | 17     | 17     | -      | -      | 48     | 0    | 0    | -    | -    | -     | 0    | 0    | 
|fir         | PCIN>>17+A*B | 0      | 15     | -      | -      | 48     | 0    | 0    | -    | -    | -     | 0    | 0    | 
+------------+--------------+--------+--------+--------+--------+--------+------+------+------+------+-------+------+------+


Report BlackBoxes: 
+-+--------------+----------+
| |BlackBox name |Instances |
+-+--------------+----------+
+-+--------------+----------+

Report Cell Usage: 
+------+--------+------+
|      |Cell    |Count |
+------+--------+------+
|1     |BUFG    |     1|
|2     |CARRY4  |    16|
|3     |DSP48E1 |     3|
|4     |LUT1    |    16|
|5     |LUT2    |    91|
|6     |LUT3    |    42|
|7     |LUT4    |    13|
|8     |LUT5    |    18|
|9     |LUT6    |    62|
|10    |FDCE    |   111|
|11    |FDPE    |     1|
|12    |FDRE    |     1|
|13    |LD      |     3|
|14    |IBUF    |   159|
|15    |OBUF    |   169|
+------+--------+------+
---------------------------------------------------------------------------------
Finished Writing Synthesis Report : Time (s): cpu = 00:00:34 ; elapsed = 00:00:37 . Memory (MB): peak = 2913.152 ; gain = 16.008 ; free physical = 4108 ; free virtual = 7514
---------------------------------------------------------------------------------
Synthesis finished with 0 errors, 0 critical warnings and 18 warnings.
Synthesis Optimization Runtime : Time (s): cpu = 00:00:32 ; elapsed = 00:00:34 . Memory (MB): peak = 2913.152 ; gain = 0.000 ; free physical = 4184 ; free virtual = 7590
Synthesis Optimization Complete : Time (s): cpu = 00:00:34 ; elapsed = 00:00:37 . Memory (MB): peak = 2913.160 ; gain = 16.008 ; free physical = 4184 ; free virtual = 7590
INFO: [Project 1-571] Translating synthesized netlist
Netlist sorting complete. Time (s): cpu = 00:00:00.01 ; elapsed = 00:00:00.03 . Memory (MB): peak = 2913.160 ; gain = 0.000 ; free physical = 4298 ; free virtual = 7705
INFO: [Netlist 29-17] Analyzing 22 Unisim elements for replacement
INFO: [Netlist 29-28] Unisim Transformation completed in 0 CPU seconds
INFO: [Project 1-570] Preparing netlist for logic optimization
INFO: [Opt 31-138] Pushed 0 inverter(s) to 0 load pin(s).
Netlist sorting complete. Time (s): cpu = 00:00:00 ; elapsed = 00:00:00 . Memory (MB): peak = 2913.160 ; gain = 0.000 ; free physical = 4246 ; free virtual = 7652
INFO: [Project 1-111] Unisim Transformation Summary:
  A total of 3 instances were transformed.
  LD => LDCE: 3 instances

Synth Design complete, checksum: 922c9067
INFO: [Common 17-83] Releasing license: Synthesis
25 Infos, 38 Warnings, 0 Critical Warnings and 0 Errors encountered.
synth_design completed successfully
synth_design: Time (s): cpu = 00:00:45 ; elapsed = 00:00:44 . Memory (MB): peak = 2913.160 ; gain = 16.016 ; free physical = 4440 ; free virtual = 7847
INFO: [Common 17-1381] The checkpoint '/home/ubuntu/lab3/lab-fir/fir/project_1/project_1.runs/synth_1/fir.dcp' has been generated.
INFO: [runtcl-4] Executing : report_utilization -file fir_utilization_synth.rpt -pb fir_utilization_synth.pb
INFO: [Common 17-206] Exiting Vivado at Wed Oct 25 04:49:24 2023...
